2024-03-13 14:46:54,519 [INFO] NvicIntPanel:101 - NVIC parent = com.st.microxplorer.plugins.ip.nvic.MultiNvicIntPanel[,0,0,0x0,invalid,layout=javax.swing.BoxLayout,alignmentX=0.0,alignmentY=0.0,border=,flags=9,maximumSize=,minimumSize=,preferredSize=]
2024-03-13 14:47:19,570 [INFO] NvicIntPanel:101 - NVIC parent = com.st.microxplorer.plugins.ip.nvic.MultiNvicIntPanel[,0,0,0x0,invalid,layout=javax.swing.BoxLayout,alignmentX=0.0,alignmentY=0.0,border=,flags=9,maximumSize=,minimumSize=,preferredSize=]
2024-03-13 14:49:48,974 [INFO] NvicIntPanel:101 - NVIC parent = com.st.microxplorer.plugins.ip.nvic.MultiNvicIntPanel[,0,0,0x0,invalid,layout=javax.swing.BoxLayout,alignmentX=0.0,alignmentY=0.0,border=,flags=9,maximumSize=,minimumSize=,preferredSize=]
2024-03-13 14:49:52,118 [INFO] NvicIntPanel:101 - NVIC parent = com.st.microxplorer.plugins.ip.nvic.MultiNvicIntPanel[,0,0,0x0,invalid,layout=javax.swing.BoxLayout,alignmentX=0.0,alignmentY=0.0,border=,flags=9,maximumSize=,minimumSize=,preferredSize=]
2024-03-13 14:49:55,832 [INFO] NvicIntPanel:101 - NVIC parent = com.st.microxplorer.plugins.ip.nvic.MultiNvicIntPanel[,0,0,0x0,invalid,layout=javax.swing.BoxLayout,alignmentX=0.0,alignmentY=0.0,border=,flags=9,maximumSize=,minimumSize=,preferredSize=]
2024-03-13 14:50:09,333 [INFO] UtilMem:75 - End SaveConfig() Used Memory: 355503096 Bytes (1073741824)
2024-03-13 14:50:09,524 [INFO] UtilMem:75 - End SaveConfig() Used Memory: 421037048 Bytes (1073741824)
2024-03-13 14:50:09,711 [INFO] BlockDiagram:2759 - set Specific Code input for plugin: TIM1_8
2024-03-13 14:50:09,711 [INFO] BlockDiagram:2759 - set Specific Code input for plugin: TIM1_8
2024-03-13 14:50:09,711 [INFO] BlockDiagram:2759 - set Specific Code input for plugin: SYS
2024-03-13 14:50:09,711 [INFO] BlockDiagram:2759 - set Specific Code input for plugin: RCC
2024-03-13 14:50:09,711 [INFO] BlockDiagram:2759 - set Specific Code input for plugin: NVIC
2024-03-13 14:50:09,711 [INFO] BlockDiagram:2759 - set Specific Code input for plugin: GPIO
2024-03-13 14:50:09,713 [INFO] CodeGenerator:807 - code generatio: config db path: C:\ST\STM32CubeIDE_1.14.1\STM32CubeIDE\plugins\com.st.stm32cube.common.mx_6.10.0.202311202037\\db\
2024-03-13 14:50:10,016 [INFO] CodeEngine:255 - oldGeneratedFile, C:\Users\Povilas\Documents\STM32CubeIDE\workspace_1.14.1\Lab4_2uzd\MXTmpFiles\license.tmp_save
2024-03-13 14:50:10,109 [INFO] CodeEngine:279 - Generated code: C:\Users\Povilas\Documents\STM32CubeIDE\workspace_1.14.1\Lab4_2uzd\MXTmpFiles\license.tmp
2024-03-13 14:50:10,161 [INFO] CodeEngine:255 - oldGeneratedFile, C:\Users\Povilas\Documents\STM32CubeIDE\workspace_1.14.1\Lab4_2uzd\MXTmpFiles\gpio.tmp_save
2024-03-13 14:50:10,265 [INFO] CodeEngine:279 - Generated code: C:\Users\Povilas\Documents\STM32CubeIDE\workspace_1.14.1\Lab4_2uzd\MXTmpFiles\gpio.tmp
2024-03-13 14:50:10,456 [INFO] CodeEngine:255 - oldGeneratedFile, C:\Users\Povilas\Documents\STM32CubeIDE\workspace_1.14.1\Lab4_2uzd\Core\Src\stm32f4xx_it.c_save
2024-03-13 14:50:10,655 [INFO] CodeEngine:279 - Generated code: C:\Users\Povilas\Documents\STM32CubeIDE\workspace_1.14.1\Lab4_2uzd\Core\Src\stm32f4xx_it.c
2024-03-13 14:50:10,708 [INFO] CodeEngine:255 - oldGeneratedFile, C:\Users\Povilas\Documents\STM32CubeIDE\workspace_1.14.1\Lab4_2uzd\Core\Inc\stm32f4xx_it.h_save
2024-03-13 14:50:10,812 [INFO] CodeEngine:279 - Generated code: C:\Users\Povilas\Documents\STM32CubeIDE\workspace_1.14.1\Lab4_2uzd\Core\Inc\stm32f4xx_it.h
2024-03-13 14:50:10,872 [INFO] CodeEngine:255 - oldGeneratedFile, C:\Users\Povilas\Documents\STM32CubeIDE\workspace_1.14.1\Lab4_2uzd\Core\Src\stm32f4xx_hal_msp.c_save
2024-03-13 14:50:11,050 [INFO] CodeEngine:279 - Generated code: C:\Users\Povilas\Documents\STM32CubeIDE\workspace_1.14.1\Lab4_2uzd\Core\Src\stm32f4xx_hal_msp.c
2024-03-13 14:50:11,073 [INFO] CodeEngine:255 - oldGeneratedFile, C:\Users\Povilas\Documents\STM32CubeIDE\workspace_1.14.1\Lab4_2uzd\MXTmpFiles\system.tmp_save
2024-03-13 14:50:11,167 [INFO] CodeEngine:279 - Generated code: C:\Users\Povilas\Documents\STM32CubeIDE\workspace_1.14.1\Lab4_2uzd\MXTmpFiles\system.tmp
2024-03-13 14:50:11,231 [INFO] CodeEngine:311 - oldGeneratedFile, C:\Users\Povilas\Documents\STM32CubeIDE\workspace_1.14.1\Lab4_2uzd\Core\Inc\stm32f4xx_hal_conf.h_save
2024-03-13 14:50:11,380 [INFO] CodeEngine:335 - Generated code: C:\Users\Povilas\Documents\STM32CubeIDE\workspace_1.14.1\Lab4_2uzd\Core\Inc\stm32f4xx_hal_conf.h
2024-03-13 14:50:11,424 [WARN] IPConfigManager:3440 - IP not found : TIM
2024-03-13 14:50:11,426 [WARN] CodeGenerator:3939 - IP not found : null
2024-03-13 14:50:11,458 [INFO] CodeEngine:255 - oldGeneratedFile, C:\Users\Povilas\Documents\STM32CubeIDE\workspace_1.14.1\Lab4_2uzd\Core\Inc\main.h_save
2024-03-13 14:50:11,593 [INFO] CodeEngine:279 - Generated code: C:\Users\Povilas\Documents\STM32CubeIDE\workspace_1.14.1\Lab4_2uzd\Core\Inc\main.h
2024-03-13 14:50:11,646 [INFO] CodeEngine:255 - oldGeneratedFile, C:\Users\Povilas\Documents\STM32CubeIDE\workspace_1.14.1\Lab4_2uzd\Core\Src\main.c_save
2024-03-13 14:50:11,823 [INFO] CodeEngine:279 - Generated code: C:\Users\Povilas\Documents\STM32CubeIDE\workspace_1.14.1\Lab4_2uzd\Core\Src\main.c
2024-03-13 14:50:12,442 [INFO] ProjectBuilder:3076 - Time for Copy HAL[1] : 254mS.
2024-03-13 14:50:12,448 [INFO] ProjectBuilder:4485 - Project Generator version: 4.2.0-B44
2024-03-13 14:50:12,846 [INFO] ConfigFileManager:1495 - The Die is : DIE413
2024-03-13 14:50:14,715 [INFO] ProjectBuilder:4747 - Time for Generating toolchain IDE Files: 2267mS.
2024-03-13 14:50:14,716 [INFO] ProjectBuilder:2947 - Time for Copy CMSIS : 0mS.
2024-03-13 14:50:14,720 [INFO] ProjectBuilder:2947 - Time for Copy CMSIS : 0mS.
2024-03-13 14:52:41,101 [INFO] UtilMem:75 - End SaveConfig() Used Memory: 447951616 Bytes (1073741824)
2024-03-13 14:52:42,854 [INFO] UtilMem:75 - End SaveConfig() Used Memory: 423989168 Bytes (1073741824)
2024-03-13 14:52:44,713 [INFO] UtilMem:75 - End SaveConfig() Used Memory: 487930160 Bytes (1073741824)
2024-03-13 14:52:44,888 [INFO] BlockDiagram:2759 - set Specific Code input for plugin: TIM1_8
2024-03-13 14:52:44,888 [INFO] BlockDiagram:2759 - set Specific Code input for plugin: TIM1_8
2024-03-13 14:52:44,888 [INFO] BlockDiagram:2759 - set Specific Code input for plugin: SYS
2024-03-13 14:52:44,888 [INFO] BlockDiagram:2759 - set Specific Code input for plugin: RCC
2024-03-13 14:52:44,888 [INFO] BlockDiagram:2759 - set Specific Code input for plugin: NVIC
2024-03-13 14:52:44,888 [INFO] BlockDiagram:2759 - set Specific Code input for plugin: GPIO
2024-03-13 14:52:44,889 [INFO] CodeGenerator:807 - code generatio: config db path: C:\ST\STM32CubeIDE_1.14.1\STM32CubeIDE\plugins\com.st.stm32cube.common.mx_6.10.0.202311202037\\db\
2024-03-13 14:52:45,006 [INFO] CodeEngine:255 - oldGeneratedFile, C:\Users\Povilas\Documents\STM32CubeIDE\workspace_1.14.1\Lab4_2uzd\MXTmpFiles\license.tmp_save
2024-03-13 14:52:45,099 [INFO] CodeEngine:279 - Generated code: C:\Users\Povilas\Documents\STM32CubeIDE\workspace_1.14.1\Lab4_2uzd\MXTmpFiles\license.tmp
2024-03-13 14:52:45,115 [INFO] CodeEngine:255 - oldGeneratedFile, C:\Users\Povilas\Documents\STM32CubeIDE\workspace_1.14.1\Lab4_2uzd\MXTmpFiles\gpio.tmp_save
2024-03-13 14:52:45,201 [INFO] CodeEngine:279 - Generated code: C:\Users\Povilas\Documents\STM32CubeIDE\workspace_1.14.1\Lab4_2uzd\MXTmpFiles\gpio.tmp
2024-03-13 14:52:45,278 [INFO] CodeEngine:255 - oldGeneratedFile, C:\Users\Povilas\Documents\STM32CubeIDE\workspace_1.14.1\Lab4_2uzd\Core\Src\stm32f4xx_it.c_save
2024-03-13 14:52:45,402 [INFO] CodeEngine:279 - Generated code: C:\Users\Povilas\Documents\STM32CubeIDE\workspace_1.14.1\Lab4_2uzd\Core\Src\stm32f4xx_it.c
2024-03-13 14:52:45,415 [INFO] CodeEngine:255 - oldGeneratedFile, C:\Users\Povilas\Documents\STM32CubeIDE\workspace_1.14.1\Lab4_2uzd\Core\Inc\stm32f4xx_it.h_save
2024-03-13 14:52:45,478 [INFO] CodeEngine:279 - Generated code: C:\Users\Povilas\Documents\STM32CubeIDE\workspace_1.14.1\Lab4_2uzd\Core\Inc\stm32f4xx_it.h
2024-03-13 14:52:45,505 [INFO] CodeEngine:255 - oldGeneratedFile, C:\Users\Povilas\Documents\STM32CubeIDE\workspace_1.14.1\Lab4_2uzd\Core\Src\stm32f4xx_hal_msp.c_save
2024-03-13 14:52:45,603 [INFO] CodeEngine:279 - Generated code: C:\Users\Povilas\Documents\STM32CubeIDE\workspace_1.14.1\Lab4_2uzd\Core\Src\stm32f4xx_hal_msp.c
2024-03-13 14:52:45,608 [INFO] CodeEngine:255 - oldGeneratedFile, C:\Users\Povilas\Documents\STM32CubeIDE\workspace_1.14.1\Lab4_2uzd\MXTmpFiles\system.tmp_save
2024-03-13 14:52:45,657 [INFO] CodeEngine:279 - Generated code: C:\Users\Povilas\Documents\STM32CubeIDE\workspace_1.14.1\Lab4_2uzd\MXTmpFiles\system.tmp
2024-03-13 14:52:45,682 [INFO] CodeEngine:311 - oldGeneratedFile, C:\Users\Povilas\Documents\STM32CubeIDE\workspace_1.14.1\Lab4_2uzd\Core\Inc\stm32f4xx_hal_conf.h_save
2024-03-13 14:52:45,820 [INFO] CodeEngine:335 - Generated code: C:\Users\Povilas\Documents\STM32CubeIDE\workspace_1.14.1\Lab4_2uzd\Core\Inc\stm32f4xx_hal_conf.h
2024-03-13 14:52:45,843 [WARN] IPConfigManager:3440 - IP not found : TIM
2024-03-13 14:52:45,843 [WARN] CodeGenerator:3939 - IP not found : null
2024-03-13 14:52:45,865 [INFO] CodeEngine:255 - oldGeneratedFile, C:\Users\Povilas\Documents\STM32CubeIDE\workspace_1.14.1\Lab4_2uzd\Core\Inc\main.h_save
2024-03-13 14:52:45,977 [INFO] CodeEngine:279 - Generated code: C:\Users\Povilas\Documents\STM32CubeIDE\workspace_1.14.1\Lab4_2uzd\Core\Inc\main.h
2024-03-13 14:52:46,005 [INFO] CodeEngine:255 - oldGeneratedFile, C:\Users\Povilas\Documents\STM32CubeIDE\workspace_1.14.1\Lab4_2uzd\Core\Src\main.c_save
2024-03-13 14:52:46,129 [INFO] CodeEngine:279 - Generated code: C:\Users\Povilas\Documents\STM32CubeIDE\workspace_1.14.1\Lab4_2uzd\Core\Src\main.c
2024-03-13 14:52:46,797 [INFO] ProjectBuilder:3076 - Time for Copy HAL[1] : 226mS.
2024-03-13 14:52:46,801 [INFO] ProjectBuilder:4485 - Project Generator version: 4.2.0-B44
2024-03-13 14:52:46,999 [INFO] ConfigFileManager:1495 - The Die is : DIE413
2024-03-13 14:52:48,185 [INFO] ProjectBuilder:4747 - Time for Generating toolchain IDE Files: 1383mS.
2024-03-13 14:52:48,185 [INFO] ProjectBuilder:2947 - Time for Copy CMSIS : 0mS.
2024-03-13 14:52:48,190 [INFO] ProjectBuilder:2947 - Time for Copy CMSIS : 1mS.
2024-03-13 14:56:07,813 [INFO] UtilMem:75 - End SaveConfig() Used Memory: 386105392 Bytes (1055916032)
2024-03-13 14:56:08,016 [INFO] UtilMem:75 - End SaveConfig() Used Memory: 443775024 Bytes (1055916032)
2024-03-13 14:56:08,222 [INFO] BlockDiagram:2759 - set Specific Code input for plugin: TIM1_8
2024-03-13 14:56:08,222 [INFO] BlockDiagram:2759 - set Specific Code input for plugin: TIM1_8
2024-03-13 14:56:08,222 [INFO] BlockDiagram:2759 - set Specific Code input for plugin: SYS
2024-03-13 14:56:08,222 [INFO] BlockDiagram:2759 - set Specific Code input for plugin: RCC
2024-03-13 14:56:08,222 [INFO] BlockDiagram:2759 - set Specific Code input for plugin: NVIC
2024-03-13 14:56:08,223 [INFO] BlockDiagram:2759 - set Specific Code input for plugin: GPIO
2024-03-13 14:56:08,224 [INFO] CodeGenerator:807 - code generatio: config db path: C:\ST\STM32CubeIDE_1.14.1\STM32CubeIDE\plugins\com.st.stm32cube.common.mx_6.10.0.202311202037\\db\
2024-03-13 14:56:08,739 [INFO] CodeEngine:255 - oldGeneratedFile, C:\Users\Povilas\Documents\STM32CubeIDE\workspace_1.14.1\Lab4_2uzd\MXTmpFiles\license.tmp_save
2024-03-13 14:56:08,958 [INFO] CodeEngine:279 - Generated code: C:\Users\Povilas\Documents\STM32CubeIDE\workspace_1.14.1\Lab4_2uzd\MXTmpFiles\license.tmp
2024-03-13 14:56:09,037 [INFO] CodeEngine:255 - oldGeneratedFile, C:\Users\Povilas\Documents\STM32CubeIDE\workspace_1.14.1\Lab4_2uzd\MXTmpFiles\gpio.tmp_save
2024-03-13 14:56:09,236 [INFO] CodeEngine:279 - Generated code: C:\Users\Povilas\Documents\STM32CubeIDE\workspace_1.14.1\Lab4_2uzd\MXTmpFiles\gpio.tmp
2024-03-13 14:56:09,493 [INFO] CodeEngine:255 - oldGeneratedFile, C:\Users\Povilas\Documents\STM32CubeIDE\workspace_1.14.1\Lab4_2uzd\Core\Src\stm32f4xx_it.c_save
2024-03-13 14:56:09,723 [INFO] CodeEngine:279 - Generated code: C:\Users\Povilas\Documents\STM32CubeIDE\workspace_1.14.1\Lab4_2uzd\Core\Src\stm32f4xx_it.c
2024-03-13 14:56:09,771 [INFO] CodeEngine:255 - oldGeneratedFile, C:\Users\Povilas\Documents\STM32CubeIDE\workspace_1.14.1\Lab4_2uzd\Core\Inc\stm32f4xx_it.h_save
2024-03-13 14:56:09,921 [INFO] CodeEngine:279 - Generated code: C:\Users\Povilas\Documents\STM32CubeIDE\workspace_1.14.1\Lab4_2uzd\Core\Inc\stm32f4xx_it.h
2024-03-13 14:56:09,960 [INFO] CodeEngine:255 - oldGeneratedFile, C:\Users\Povilas\Documents\STM32CubeIDE\workspace_1.14.1\Lab4_2uzd\Core\Src\stm32f4xx_hal_msp.c_save
2024-03-13 14:56:10,187 [INFO] CodeEngine:279 - Generated code: C:\Users\Povilas\Documents\STM32CubeIDE\workspace_1.14.1\Lab4_2uzd\Core\Src\stm32f4xx_hal_msp.c
2024-03-13 14:56:10,204 [INFO] CodeEngine:255 - oldGeneratedFile, C:\Users\Povilas\Documents\STM32CubeIDE\workspace_1.14.1\Lab4_2uzd\MXTmpFiles\system.tmp_save
2024-03-13 14:56:10,315 [INFO] CodeEngine:279 - Generated code: C:\Users\Povilas\Documents\STM32CubeIDE\workspace_1.14.1\Lab4_2uzd\MXTmpFiles\system.tmp
2024-03-13 14:56:10,369 [INFO] CodeEngine:311 - oldGeneratedFile, C:\Users\Povilas\Documents\STM32CubeIDE\workspace_1.14.1\Lab4_2uzd\Core\Inc\stm32f4xx_hal_conf.h_save
2024-03-13 14:56:10,569 [INFO] CodeEngine:335 - Generated code: C:\Users\Povilas\Documents\STM32CubeIDE\workspace_1.14.1\Lab4_2uzd\Core\Inc\stm32f4xx_hal_conf.h
2024-03-13 14:56:10,619 [WARN] IPConfigManager:3440 - IP not found : TIM
2024-03-13 14:56:10,620 [WARN] CodeGenerator:3939 - IP not found : null
2024-03-13 14:56:10,667 [INFO] CodeEngine:255 - oldGeneratedFile, C:\Users\Povilas\Documents\STM32CubeIDE\workspace_1.14.1\Lab4_2uzd\Core\Inc\main.h_save
2024-03-13 14:56:10,817 [INFO] CodeEngine:279 - Generated code: C:\Users\Povilas\Documents\STM32CubeIDE\workspace_1.14.1\Lab4_2uzd\Core\Inc\main.h
2024-03-13 14:56:10,864 [INFO] CodeEngine:255 - oldGeneratedFile, C:\Users\Povilas\Documents\STM32CubeIDE\workspace_1.14.1\Lab4_2uzd\Core\Src\main.c_save
2024-03-13 14:56:11,121 [INFO] CodeEngine:279 - Generated code: C:\Users\Povilas\Documents\STM32CubeIDE\workspace_1.14.1\Lab4_2uzd\Core\Src\main.c
2024-03-13 14:56:12,053 [INFO] ProjectBuilder:3076 - Time for Copy HAL[1] : 306mS.
2024-03-13 14:56:12,058 [INFO] ProjectBuilder:4485 - Project Generator version: 4.2.0-B44
2024-03-13 14:56:12,504 [INFO] ConfigFileManager:1495 - The Die is : DIE413
2024-03-13 14:56:16,013 [INFO] ProjectBuilder:4747 - Time for Generating toolchain IDE Files: 3955mS.
2024-03-13 14:56:16,014 [INFO] ProjectBuilder:2947 - Time for Copy CMSIS : 1mS.
2024-03-13 14:56:16,019 [INFO] ProjectBuilder:2947 - Time for Copy CMSIS : 0mS.
2024-03-13 14:57:27,773 [INFO] NvicIntPanel:101 - NVIC parent = com.st.microxplorer.plugins.ip.nvic.MultiNvicIntPanel[,0,0,450x219,layout=javax.swing.BoxLayout,alignmentX=0.0,alignmentY=0.0,border=,flags=9,maximumSize=,minimumSize=,preferredSize=]
2024-03-13 14:57:50,020 [INFO] NvicIntPanel:101 - NVIC parent = com.st.microxplorer.plugins.ip.nvic.MultiNvicIntPanel[,0,0,450x219,layout=javax.swing.BoxLayout,alignmentX=0.0,alignmentY=0.0,border=,flags=9,maximumSize=,minimumSize=,preferredSize=]
2024-03-13 14:58:14,592 [INFO] UtilMem:75 - End SaveConfig() Used Memory: 369068472 Bytes (1073741824)
2024-03-13 14:58:14,763 [INFO] UtilMem:75 - End SaveConfig() Used Memory: 396857784 Bytes (1073741824)
2024-03-13 14:58:14,935 [INFO] BlockDiagram:2759 - set Specific Code input for plugin: TIM1_8
2024-03-13 14:58:14,935 [INFO] BlockDiagram:2759 - set Specific Code input for plugin: TIM1_8
2024-03-13 14:58:14,935 [INFO] BlockDiagram:2759 - set Specific Code input for plugin: SYS
2024-03-13 14:58:14,935 [INFO] BlockDiagram:2759 - set Specific Code input for plugin: RCC
2024-03-13 14:58:14,935 [INFO] BlockDiagram:2759 - set Specific Code input for plugin: NVIC
2024-03-13 14:58:14,935 [INFO] BlockDiagram:2759 - set Specific Code input for plugin: GPIO
2024-03-13 14:58:14,936 [INFO] CodeGenerator:807 - code generatio: config db path: C:\ST\STM32CubeIDE_1.14.1\STM32CubeIDE\plugins\com.st.stm32cube.common.mx_6.10.0.202311202037\\db\
2024-03-13 14:58:15,150 [INFO] CodeEngine:255 - oldGeneratedFile, C:\Users\Povilas\Documents\STM32CubeIDE\workspace_1.14.1\Lab4_2uzd\MXTmpFiles\license.tmp_save
2024-03-13 14:58:15,224 [INFO] CodeEngine:279 - Generated code: C:\Users\Povilas\Documents\STM32CubeIDE\workspace_1.14.1\Lab4_2uzd\MXTmpFiles\license.tmp
2024-03-13 14:58:15,238 [INFO] CodeEngine:255 - oldGeneratedFile, C:\Users\Povilas\Documents\STM32CubeIDE\workspace_1.14.1\Lab4_2uzd\MXTmpFiles\gpio.tmp_save
2024-03-13 14:58:15,318 [INFO] CodeEngine:279 - Generated code: C:\Users\Povilas\Documents\STM32CubeIDE\workspace_1.14.1\Lab4_2uzd\MXTmpFiles\gpio.tmp
2024-03-13 14:58:15,380 [INFO] CodeEngine:255 - oldGeneratedFile, C:\Users\Povilas\Documents\STM32CubeIDE\workspace_1.14.1\Lab4_2uzd\Core\Src\stm32f4xx_it.c_save
2024-03-13 14:58:15,468 [INFO] CodeEngine:279 - Generated code: C:\Users\Povilas\Documents\STM32CubeIDE\workspace_1.14.1\Lab4_2uzd\Core\Src\stm32f4xx_it.c
2024-03-13 14:58:15,487 [INFO] CodeEngine:255 - oldGeneratedFile, C:\Users\Povilas\Documents\STM32CubeIDE\workspace_1.14.1\Lab4_2uzd\Core\Inc\stm32f4xx_it.h_save
2024-03-13 14:58:15,557 [INFO] CodeEngine:279 - Generated code: C:\Users\Povilas\Documents\STM32CubeIDE\workspace_1.14.1\Lab4_2uzd\Core\Inc\stm32f4xx_it.h
2024-03-13 14:58:15,588 [INFO] CodeEngine:255 - oldGeneratedFile, C:\Users\Povilas\Documents\STM32CubeIDE\workspace_1.14.1\Lab4_2uzd\Core\Src\stm32f4xx_hal_msp.c_save
2024-03-13 14:58:15,710 [INFO] CodeEngine:279 - Generated code: C:\Users\Povilas\Documents\STM32CubeIDE\workspace_1.14.1\Lab4_2uzd\Core\Src\stm32f4xx_hal_msp.c
2024-03-13 14:58:15,718 [INFO] CodeEngine:255 - oldGeneratedFile, C:\Users\Povilas\Documents\STM32CubeIDE\workspace_1.14.1\Lab4_2uzd\MXTmpFiles\system.tmp_save
2024-03-13 14:58:15,795 [INFO] CodeEngine:279 - Generated code: C:\Users\Povilas\Documents\STM32CubeIDE\workspace_1.14.1\Lab4_2uzd\MXTmpFiles\system.tmp
2024-03-13 14:58:15,826 [INFO] CodeEngine:311 - oldGeneratedFile, C:\Users\Povilas\Documents\STM32CubeIDE\workspace_1.14.1\Lab4_2uzd\Core\Inc\stm32f4xx_hal_conf.h_save
2024-03-13 14:58:15,982 [INFO] CodeEngine:335 - Generated code: C:\Users\Povilas\Documents\STM32CubeIDE\workspace_1.14.1\Lab4_2uzd\Core\Inc\stm32f4xx_hal_conf.h
2024-03-13 14:58:16,016 [WARN] IPConfigManager:3440 - IP not found : TIM
2024-03-13 14:58:16,016 [WARN] CodeGenerator:3939 - IP not found : null
2024-03-13 14:58:16,038 [INFO] CodeEngine:255 - oldGeneratedFile, C:\Users\Povilas\Documents\STM32CubeIDE\workspace_1.14.1\Lab4_2uzd\Core\Inc\main.h_save
2024-03-13 14:58:16,107 [INFO] CodeEngine:279 - Generated code: C:\Users\Povilas\Documents\STM32CubeIDE\workspace_1.14.1\Lab4_2uzd\Core\Inc\main.h
2024-03-13 14:58:16,127 [INFO] CodeEngine:255 - oldGeneratedFile, C:\Users\Povilas\Documents\STM32CubeIDE\workspace_1.14.1\Lab4_2uzd\Core\Src\main.c_save
2024-03-13 14:58:16,309 [INFO] CodeEngine:279 - Generated code: C:\Users\Povilas\Documents\STM32CubeIDE\workspace_1.14.1\Lab4_2uzd\Core\Src\main.c
2024-03-13 14:58:16,786 [INFO] ProjectBuilder:3076 - Time for Copy HAL[1] : 166mS.
2024-03-13 14:58:16,790 [INFO] ProjectBuilder:4485 - Project Generator version: 4.2.0-B44
2024-03-13 14:58:16,962 [INFO] ConfigFileManager:1495 - The Die is : DIE413
2024-03-13 14:58:18,231 [INFO] ProjectBuilder:4747 - Time for Generating toolchain IDE Files: 1441mS.
2024-03-13 14:58:18,231 [INFO] ProjectBuilder:2947 - Time for Copy CMSIS : 0mS.
2024-03-13 14:58:18,234 [INFO] ProjectBuilder:2947 - Time for Copy CMSIS : 0mS.
2024-03-13 14:58:52,401 [INFO] NvicIntPanel:101 - NVIC parent = com.st.microxplorer.plugins.ip.nvic.MultiNvicIntPanel[,0,0,450x219,layout=javax.swing.BoxLayout,alignmentX=0.0,alignmentY=0.0,border=,flags=9,maximumSize=,minimumSize=,preferredSize=]
2024-03-13 15:04:26,925 [INFO] NvicIntPanel:101 - NVIC parent = com.st.microxplorer.plugins.ip.nvic.MultiNvicIntPanel[,0,0,0x0,invalid,layout=javax.swing.BoxLayout,alignmentX=0.0,alignmentY=0.0,border=,flags=9,maximumSize=,minimumSize=,preferredSize=]
2024-03-13 15:23:43,134 [INFO] NvicIntPanel:101 - NVIC parent = com.st.microxplorer.plugins.ip.nvic.MultiNvicIntPanel[,0,0,0x0,invalid,layout=javax.swing.BoxLayout,alignmentX=0.0,alignmentY=0.0,border=,flags=9,maximumSize=,minimumSize=,preferredSize=]
2024-03-13 15:23:45,569 [INFO] NvicIntPanel:101 - NVIC parent = com.st.microxplorer.plugins.ip.nvic.MultiNvicIntPanel[,0,0,0x0,invalid,layout=javax.swing.BoxLayout,alignmentX=0.0,alignmentY=0.0,border=,flags=9,maximumSize=,minimumSize=,preferredSize=]
2024-03-13 15:24:05,650 [INFO] UtilMem:75 - End SaveConfig() Used Memory: 409945040 Bytes (1073741824)
2024-03-13 15:24:07,180 [INFO] UtilMem:75 - End SaveConfig() Used Memory: 533154768 Bytes (1073741824)
2024-03-13 15:24:07,354 [INFO] BlockDiagram:2759 - set Specific Code input for plugin: TIM1_8
2024-03-13 15:24:07,354 [INFO] BlockDiagram:2759 - set Specific Code input for plugin: TIM1_8
2024-03-13 15:24:07,354 [INFO] BlockDiagram:2759 - set Specific Code input for plugin: SYS
2024-03-13 15:24:07,354 [INFO] BlockDiagram:2759 - set Specific Code input for plugin: RCC
2024-03-13 15:24:07,354 [INFO] BlockDiagram:2759 - set Specific Code input for plugin: NVIC
2024-03-13 15:24:07,354 [INFO] BlockDiagram:2759 - set Specific Code input for plugin: GPIO
2024-03-13 15:24:07,355 [INFO] CodeGenerator:807 - code generatio: config db path: C:\ST\STM32CubeIDE_1.14.1\STM32CubeIDE\plugins\com.st.stm32cube.common.mx_6.10.0.202311202037\\db\
2024-03-13 15:24:07,543 [INFO] CodeEngine:255 - oldGeneratedFile, C:\Users\Povilas\Documents\STM32CubeIDE\workspace_1.14.1\Lab4_2uzd\MXTmpFiles\license.tmp_save
2024-03-13 15:24:07,656 [INFO] CodeEngine:279 - Generated code: C:\Users\Povilas\Documents\STM32CubeIDE\workspace_1.14.1\Lab4_2uzd\MXTmpFiles\license.tmp
2024-03-13 15:24:07,670 [INFO] CodeEngine:255 - oldGeneratedFile, C:\Users\Povilas\Documents\STM32CubeIDE\workspace_1.14.1\Lab4_2uzd\MXTmpFiles\gpio.tmp_save
2024-03-13 15:24:07,816 [INFO] CodeEngine:279 - Generated code: C:\Users\Povilas\Documents\STM32CubeIDE\workspace_1.14.1\Lab4_2uzd\MXTmpFiles\gpio.tmp
2024-03-13 15:24:07,910 [INFO] CodeEngine:255 - oldGeneratedFile, C:\Users\Povilas\Documents\STM32CubeIDE\workspace_1.14.1\Lab4_2uzd\Core\Src\stm32f4xx_it.c_save
2024-03-13 15:24:08,093 [INFO] CodeEngine:279 - Generated code: C:\Users\Povilas\Documents\STM32CubeIDE\workspace_1.14.1\Lab4_2uzd\Core\Src\stm32f4xx_it.c
2024-03-13 15:24:08,099 [INFO] CodeEngine:255 - oldGeneratedFile, C:\Users\Povilas\Documents\STM32CubeIDE\workspace_1.14.1\Lab4_2uzd\Core\Inc\stm32f4xx_it.h_save
2024-03-13 15:24:08,148 [INFO] CodeEngine:279 - Generated code: C:\Users\Povilas\Documents\STM32CubeIDE\workspace_1.14.1\Lab4_2uzd\Core\Inc\stm32f4xx_it.h
2024-03-13 15:24:08,180 [INFO] CodeEngine:255 - oldGeneratedFile, C:\Users\Povilas\Documents\STM32CubeIDE\workspace_1.14.1\Lab4_2uzd\Core\Src\stm32f4xx_hal_msp.c_save
2024-03-13 15:24:08,290 [INFO] CodeEngine:279 - Generated code: C:\Users\Povilas\Documents\STM32CubeIDE\workspace_1.14.1\Lab4_2uzd\Core\Src\stm32f4xx_hal_msp.c
2024-03-13 15:24:08,293 [INFO] CodeEngine:255 - oldGeneratedFile, C:\Users\Povilas\Documents\STM32CubeIDE\workspace_1.14.1\Lab4_2uzd\MXTmpFiles\system.tmp_save
2024-03-13 15:24:08,339 [INFO] CodeEngine:279 - Generated code: C:\Users\Povilas\Documents\STM32CubeIDE\workspace_1.14.1\Lab4_2uzd\MXTmpFiles\system.tmp
2024-03-13 15:24:08,367 [INFO] CodeEngine:311 - oldGeneratedFile, C:\Users\Povilas\Documents\STM32CubeIDE\workspace_1.14.1\Lab4_2uzd\Core\Inc\stm32f4xx_hal_conf.h_save
2024-03-13 15:24:08,522 [INFO] CodeEngine:335 - Generated code: C:\Users\Povilas\Documents\STM32CubeIDE\workspace_1.14.1\Lab4_2uzd\Core\Inc\stm32f4xx_hal_conf.h
2024-03-13 15:24:08,562 [WARN] IPConfigManager:3440 - IP not found : TIM
2024-03-13 15:24:08,562 [WARN] CodeGenerator:3939 - IP not found : null
2024-03-13 15:24:08,583 [INFO] CodeEngine:255 - oldGeneratedFile, C:\Users\Povilas\Documents\STM32CubeIDE\workspace_1.14.1\Lab4_2uzd\Core\Inc\main.h_save
2024-03-13 15:24:08,667 [INFO] CodeEngine:279 - Generated code: C:\Users\Povilas\Documents\STM32CubeIDE\workspace_1.14.1\Lab4_2uzd\Core\Inc\main.h
2024-03-13 15:24:08,696 [INFO] CodeEngine:255 - oldGeneratedFile, C:\Users\Povilas\Documents\STM32CubeIDE\workspace_1.14.1\Lab4_2uzd\Core\Src\main.c_save
2024-03-13 15:24:08,834 [INFO] CodeEngine:279 - Generated code: C:\Users\Povilas\Documents\STM32CubeIDE\workspace_1.14.1\Lab4_2uzd\Core\Src\main.c
2024-03-13 15:24:09,305 [INFO] ProjectBuilder:3076 - Time for Copy HAL[1] : 156mS.
2024-03-13 15:24:09,308 [INFO] ProjectBuilder:4485 - Project Generator version: 4.2.0-B44
2024-03-13 15:24:09,753 [INFO] ConfigFileManager:1495 - The Die is : DIE413
2024-03-13 15:24:10,865 [INFO] ProjectBuilder:4747 - Time for Generating toolchain IDE Files: 1557mS.
2024-03-13 15:24:10,866 [INFO] ProjectBuilder:2947 - Time for Copy CMSIS : 0mS.
2024-03-13 15:24:10,869 [INFO] ProjectBuilder:2947 - Time for Copy CMSIS : 0mS.
2024-03-13 15:34:02,244 [INFO] NvicIntPanel:101 - NVIC parent = com.st.microxplorer.plugins.ip.nvic.MultiNvicIntPanel[,0,0,0x0,invalid,layout=javax.swing.BoxLayout,alignmentX=0.0,alignmentY=0.0,border=,flags=9,maximumSize=,minimumSize=,preferredSize=]
2024-03-13 15:34:06,043 [INFO] NvicIntPanel:101 - NVIC parent = com.st.microxplorer.plugins.ip.nvic.MultiNvicIntPanel[,0,0,0x0,invalid,layout=javax.swing.BoxLayout,alignmentX=0.0,alignmentY=0.0,border=,flags=9,maximumSize=,minimumSize=,preferredSize=]
2024-03-13 15:34:28,810 [INFO] NvicIntPanel:101 - NVIC parent = com.st.microxplorer.plugins.ip.nvic.MultiNvicIntPanel[,0,0,0x0,invalid,layout=javax.swing.BoxLayout,alignmentX=0.0,alignmentY=0.0,border=,flags=9,maximumSize=,minimumSize=,preferredSize=]
2024-03-13 15:34:35,939 [INFO] NvicIntPanel:101 - NVIC parent = com.st.microxplorer.plugins.ip.nvic.MultiNvicIntPanel[,0,0,0x0,invalid,layout=javax.swing.BoxLayout,alignmentX=0.0,alignmentY=0.0,border=,flags=9,maximumSize=,minimumSize=,preferredSize=]
2024-03-13 15:34:38,360 [INFO] NvicIntPanel:101 - NVIC parent = com.st.microxplorer.plugins.ip.nvic.MultiNvicIntPanel[,0,0,0x0,invalid,layout=javax.swing.BoxLayout,alignmentX=0.0,alignmentY=0.0,border=,flags=9,maximumSize=,minimumSize=,preferredSize=]
2024-03-13 15:34:46,506 [INFO] NvicIntPanel:101 - NVIC parent = com.st.microxplorer.plugins.ip.nvic.MultiNvicIntPanel[,0,0,0x0,invalid,layout=javax.swing.BoxLayout,alignmentX=0.0,alignmentY=0.0,border=,flags=9,maximumSize=,minimumSize=,preferredSize=]
2024-03-13 15:34:51,823 [INFO] NvicIntPanel:101 - NVIC parent = com.st.microxplorer.plugins.ip.nvic.MultiNvicIntPanel[,0,0,0x0,invalid,layout=javax.swing.BoxLayout,alignmentX=0.0,alignmentY=0.0,border=,flags=9,maximumSize=,minimumSize=,preferredSize=]
2024-03-13 15:34:53,984 [INFO] UtilMem:75 - End SaveConfig() Used Memory: 881020048 Bytes (1073741824)
2024-03-13 15:34:55,817 [INFO] UtilMem:75 - End SaveConfig() Used Memory: 937641328 Bytes (1073741824)
2024-03-13 15:34:56,002 [INFO] UtilMem:75 - End SaveConfig() Used Memory: 330168080 Bytes (1073741824)
2024-03-13 15:34:56,185 [INFO] BlockDiagram:2759 - set Specific Code input for plugin: TIM1_8
2024-03-13 15:34:56,185 [INFO] BlockDiagram:2759 - set Specific Code input for plugin: TIM1_8
2024-03-13 15:34:56,185 [INFO] BlockDiagram:2759 - set Specific Code input for plugin: SYS
2024-03-13 15:34:56,186 [INFO] BlockDiagram:2759 - set Specific Code input for plugin: RCC
2024-03-13 15:34:56,186 [INFO] BlockDiagram:2759 - set Specific Code input for plugin: NVIC
2024-03-13 15:34:56,186 [INFO] BlockDiagram:2759 - set Specific Code input for plugin: GPIO
2024-03-13 15:34:56,186 [INFO] CodeGenerator:807 - code generatio: config db path: C:\ST\STM32CubeIDE_1.14.1\STM32CubeIDE\plugins\com.st.stm32cube.common.mx_6.10.0.202311202037\\db\
2024-03-13 15:34:56,402 [INFO] CodeEngine:255 - oldGeneratedFile, C:\Users\Povilas\Documents\STM32CubeIDE\workspace_1.14.1\Lab4_2uzd\MXTmpFiles\license.tmp_save
2024-03-13 15:34:56,536 [INFO] CodeEngine:279 - Generated code: C:\Users\Povilas\Documents\STM32CubeIDE\workspace_1.14.1\Lab4_2uzd\MXTmpFiles\license.tmp
2024-03-13 15:34:56,553 [INFO] CodeEngine:255 - oldGeneratedFile, C:\Users\Povilas\Documents\STM32CubeIDE\workspace_1.14.1\Lab4_2uzd\MXTmpFiles\gpio.tmp_save
2024-03-13 15:34:56,635 [INFO] CodeEngine:279 - Generated code: C:\Users\Povilas\Documents\STM32CubeIDE\workspace_1.14.1\Lab4_2uzd\MXTmpFiles\gpio.tmp
2024-03-13 15:34:56,702 [INFO] CodeEngine:255 - oldGeneratedFile, C:\Users\Povilas\Documents\STM32CubeIDE\workspace_1.14.1\Lab4_2uzd\Core\Src\stm32f4xx_it.c_save
2024-03-13 15:34:56,793 [INFO] CodeEngine:279 - Generated code: C:\Users\Povilas\Documents\STM32CubeIDE\workspace_1.14.1\Lab4_2uzd\Core\Src\stm32f4xx_it.c
2024-03-13 15:34:56,800 [INFO] CodeEngine:255 - oldGeneratedFile, C:\Users\Povilas\Documents\STM32CubeIDE\workspace_1.14.1\Lab4_2uzd\Core\Inc\stm32f4xx_it.h_save
2024-03-13 15:34:56,863 [INFO] CodeEngine:279 - Generated code: C:\Users\Povilas\Documents\STM32CubeIDE\workspace_1.14.1\Lab4_2uzd\Core\Inc\stm32f4xx_it.h
2024-03-13 15:34:56,896 [INFO] CodeEngine:255 - oldGeneratedFile, C:\Users\Povilas\Documents\STM32CubeIDE\workspace_1.14.1\Lab4_2uzd\Core\Src\stm32f4xx_hal_msp.c_save
2024-03-13 15:34:56,995 [INFO] CodeEngine:279 - Generated code: C:\Users\Povilas\Documents\STM32CubeIDE\workspace_1.14.1\Lab4_2uzd\Core\Src\stm32f4xx_hal_msp.c
2024-03-13 15:34:57,000 [INFO] CodeEngine:255 - oldGeneratedFile, C:\Users\Povilas\Documents\STM32CubeIDE\workspace_1.14.1\Lab4_2uzd\MXTmpFiles\system.tmp_save
2024-03-13 15:34:57,048 [INFO] CodeEngine:279 - Generated code: C:\Users\Povilas\Documents\STM32CubeIDE\workspace_1.14.1\Lab4_2uzd\MXTmpFiles\system.tmp
2024-03-13 15:34:57,079 [INFO] CodeEngine:311 - oldGeneratedFile, C:\Users\Povilas\Documents\STM32CubeIDE\workspace_1.14.1\Lab4_2uzd\Core\Inc\stm32f4xx_hal_conf.h_save
2024-03-13 15:34:57,235 [INFO] CodeEngine:335 - Generated code: C:\Users\Povilas\Documents\STM32CubeIDE\workspace_1.14.1\Lab4_2uzd\Core\Inc\stm32f4xx_hal_conf.h
2024-03-13 15:34:57,279 [WARN] IPConfigManager:3440 - IP not found : TIM
2024-03-13 15:34:57,280 [WARN] CodeGenerator:3939 - IP not found : null
2024-03-13 15:34:57,295 [INFO] CodeEngine:255 - oldGeneratedFile, C:\Users\Povilas\Documents\STM32CubeIDE\workspace_1.14.1\Lab4_2uzd\Core\Inc\main.h_save
2024-03-13 15:34:57,373 [INFO] CodeEngine:279 - Generated code: C:\Users\Povilas\Documents\STM32CubeIDE\workspace_1.14.1\Lab4_2uzd\Core\Inc\main.h
2024-03-13 15:34:57,398 [INFO] CodeEngine:255 - oldGeneratedFile, C:\Users\Povilas\Documents\STM32CubeIDE\workspace_1.14.1\Lab4_2uzd\Core\Src\main.c_save
2024-03-13 15:34:57,562 [INFO] CodeEngine:279 - Generated code: C:\Users\Povilas\Documents\STM32CubeIDE\workspace_1.14.1\Lab4_2uzd\Core\Src\main.c
2024-03-13 15:34:58,265 [INFO] ProjectBuilder:3076 - Time for Copy HAL[1] : 165mS.
2024-03-13 15:34:58,269 [INFO] ProjectBuilder:4485 - Project Generator version: 4.2.0-B44
2024-03-13 15:34:58,436 [INFO] ConfigFileManager:1495 - The Die is : DIE413
2024-03-13 15:34:59,540 [INFO] ProjectBuilder:4747 - Time for Generating toolchain IDE Files: 1271mS.
2024-03-13 15:34:59,541 [INFO] ProjectBuilder:2947 - Time for Copy CMSIS : 0mS.
2024-03-13 15:34:59,544 [INFO] ProjectBuilder:2947 - Time for Copy CMSIS : 0mS.
2024-03-13 15:36:29,941 [INFO] NvicIntPanel:101 - NVIC parent = com.st.microxplorer.plugins.ip.nvic.MultiNvicIntPanel[,0,0,0x0,invalid,layout=javax.swing.BoxLayout,alignmentX=0.0,alignmentY=0.0,border=,flags=9,maximumSize=,minimumSize=,preferredSize=]
2024-03-13 15:36:32,291 [INFO] NvicIntPanel:101 - NVIC parent = com.st.microxplorer.plugins.ip.nvic.MultiNvicIntPanel[,0,0,0x0,invalid,layout=javax.swing.BoxLayout,alignmentX=0.0,alignmentY=0.0,border=,flags=9,maximumSize=,minimumSize=,preferredSize=]
2024-03-13 15:36:37,657 [INFO] NvicIntPanel:101 - NVIC parent = com.st.microxplorer.plugins.ip.nvic.MultiNvicIntPanel[,0,0,0x0,invalid,layout=javax.swing.BoxLayout,alignmentX=0.0,alignmentY=0.0,border=,flags=9,maximumSize=,minimumSize=,preferredSize=]
2024-03-13 15:36:42,091 [INFO] NvicIntPanel:101 - NVIC parent = com.st.microxplorer.plugins.ip.nvic.MultiNvicIntPanel[,0,0,0x0,invalid,layout=javax.swing.BoxLayout,alignmentX=0.0,alignmentY=0.0,border=,flags=9,maximumSize=,minimumSize=,preferredSize=]
2024-03-13 15:36:45,751 [INFO] NvicIntPanel:101 - NVIC parent = com.st.microxplorer.plugins.ip.nvic.MultiNvicIntPanel[,0,0,0x0,invalid,layout=javax.swing.BoxLayout,alignmentX=0.0,alignmentY=0.0,border=,flags=9,maximumSize=,minimumSize=,preferredSize=]
2024-03-13 15:36:48,226 [INFO] UtilMem:75 - End SaveConfig() Used Memory: 386363968 Bytes (1073741824)
2024-03-13 15:36:49,642 [INFO] UtilMem:75 - End SaveConfig() Used Memory: 442460736 Bytes (1073741824)
2024-03-13 15:36:49,806 [INFO] UtilMem:75 - End SaveConfig() Used Memory: 469723712 Bytes (1073741824)
2024-03-13 15:36:49,978 [INFO] BlockDiagram:2759 - set Specific Code input for plugin: TIM1_8
2024-03-13 15:36:49,978 [INFO] BlockDiagram:2759 - set Specific Code input for plugin: TIM1_8
2024-03-13 15:36:49,978 [INFO] BlockDiagram:2759 - set Specific Code input for plugin: SYS
2024-03-13 15:36:49,978 [INFO] BlockDiagram:2759 - set Specific Code input for plugin: RCC
2024-03-13 15:36:49,978 [INFO] BlockDiagram:2759 - set Specific Code input for plugin: NVIC
2024-03-13 15:36:49,979 [INFO] BlockDiagram:2759 - set Specific Code input for plugin: GPIO
2024-03-13 15:36:49,979 [INFO] CodeGenerator:807 - code generatio: config db path: C:\ST\STM32CubeIDE_1.14.1\STM32CubeIDE\plugins\com.st.stm32cube.common.mx_6.10.0.202311202037\\db\
2024-03-13 15:36:50,174 [INFO] CodeEngine:255 - oldGeneratedFile, C:\Users\Povilas\Documents\STM32CubeIDE\workspace_1.14.1\Lab4_2uzd\MXTmpFiles\license.tmp_save
2024-03-13 15:36:50,287 [INFO] CodeEngine:279 - Generated code: C:\Users\Povilas\Documents\STM32CubeIDE\workspace_1.14.1\Lab4_2uzd\MXTmpFiles\license.tmp
2024-03-13 15:36:50,300 [INFO] CodeEngine:255 - oldGeneratedFile, C:\Users\Povilas\Documents\STM32CubeIDE\workspace_1.14.1\Lab4_2uzd\MXTmpFiles\gpio.tmp_save
2024-03-13 15:36:50,421 [INFO] CodeEngine:279 - Generated code: C:\Users\Povilas\Documents\STM32CubeIDE\workspace_1.14.1\Lab4_2uzd\MXTmpFiles\gpio.tmp
2024-03-13 15:36:50,483 [INFO] CodeEngine:255 - oldGeneratedFile, C:\Users\Povilas\Documents\STM32CubeIDE\workspace_1.14.1\Lab4_2uzd\Core\Src\stm32f4xx_it.c_save
2024-03-13 15:36:50,582 [INFO] CodeEngine:279 - Generated code: C:\Users\Povilas\Documents\STM32CubeIDE\workspace_1.14.1\Lab4_2uzd\Core\Src\stm32f4xx_it.c
2024-03-13 15:36:50,587 [INFO] CodeEngine:255 - oldGeneratedFile, C:\Users\Povilas\Documents\STM32CubeIDE\workspace_1.14.1\Lab4_2uzd\Core\Inc\stm32f4xx_it.h_save
2024-03-13 15:36:50,638 [INFO] CodeEngine:279 - Generated code: C:\Users\Povilas\Documents\STM32CubeIDE\workspace_1.14.1\Lab4_2uzd\Core\Inc\stm32f4xx_it.h
2024-03-13 15:36:50,660 [INFO] CodeEngine:255 - oldGeneratedFile, C:\Users\Povilas\Documents\STM32CubeIDE\workspace_1.14.1\Lab4_2uzd\Core\Src\stm32f4xx_hal_msp.c_save
2024-03-13 15:36:50,738 [INFO] CodeEngine:279 - Generated code: C:\Users\Povilas\Documents\STM32CubeIDE\workspace_1.14.1\Lab4_2uzd\Core\Src\stm32f4xx_hal_msp.c
2024-03-13 15:36:50,742 [INFO] CodeEngine:255 - oldGeneratedFile, C:\Users\Povilas\Documents\STM32CubeIDE\workspace_1.14.1\Lab4_2uzd\MXTmpFiles\system.tmp_save
2024-03-13 15:36:50,793 [INFO] CodeEngine:279 - Generated code: C:\Users\Povilas\Documents\STM32CubeIDE\workspace_1.14.1\Lab4_2uzd\MXTmpFiles\system.tmp
2024-03-13 15:36:50,823 [INFO] CodeEngine:311 - oldGeneratedFile, C:\Users\Povilas\Documents\STM32CubeIDE\workspace_1.14.1\Lab4_2uzd\Core\Inc\stm32f4xx_hal_conf.h_save
2024-03-13 15:36:50,961 [INFO] CodeEngine:335 - Generated code: C:\Users\Povilas\Documents\STM32CubeIDE\workspace_1.14.1\Lab4_2uzd\Core\Inc\stm32f4xx_hal_conf.h
2024-03-13 15:36:51,006 [WARN] IPConfigManager:3440 - IP not found : TIM
2024-03-13 15:36:51,007 [WARN] CodeGenerator:3939 - IP not found : null
2024-03-13 15:36:51,030 [INFO] CodeEngine:255 - oldGeneratedFile, C:\Users\Povilas\Documents\STM32CubeIDE\workspace_1.14.1\Lab4_2uzd\Core\Inc\main.h_save
2024-03-13 15:36:51,101 [INFO] CodeEngine:279 - Generated code: C:\Users\Povilas\Documents\STM32CubeIDE\workspace_1.14.1\Lab4_2uzd\Core\Inc\main.h
2024-03-13 15:36:51,115 [INFO] CodeEngine:255 - oldGeneratedFile, C:\Users\Povilas\Documents\STM32CubeIDE\workspace_1.14.1\Lab4_2uzd\Core\Src\main.c_save
2024-03-13 15:36:51,227 [INFO] CodeEngine:279 - Generated code: C:\Users\Povilas\Documents\STM32CubeIDE\workspace_1.14.1\Lab4_2uzd\Core\Src\main.c
2024-03-13 15:36:51,737 [INFO] ProjectBuilder:3076 - Time for Copy HAL[1] : 195mS.
2024-03-13 15:36:51,741 [INFO] ProjectBuilder:4485 - Project Generator version: 4.2.0-B44
2024-03-13 15:36:51,935 [INFO] ConfigFileManager:1495 - The Die is : DIE413
2024-03-13 15:36:53,102 [INFO] ProjectBuilder:4747 - Time for Generating toolchain IDE Files: 1362mS.
2024-03-13 15:36:53,103 [INFO] ProjectBuilder:2947 - Time for Copy CMSIS : 1mS.
2024-03-13 15:36:53,105 [INFO] ProjectBuilder:2947 - Time for Copy CMSIS : 0mS.
2024-03-13 15:38:59,990 [INFO] NvicIntPanel:101 - NVIC parent = com.st.microxplorer.plugins.ip.nvic.MultiNvicIntPanel[,0,0,0x0,invalid,layout=javax.swing.BoxLayout,alignmentX=0.0,alignmentY=0.0,border=,flags=9,maximumSize=,minimumSize=,preferredSize=]
2024-03-13 15:39:03,331 [INFO] UtilMem:75 - End SaveConfig() Used Memory: 544755792 Bytes (1073741824)
2024-03-13 15:39:06,383 [INFO] UtilMem:75 - End SaveConfig() Used Memory: 630739024 Bytes (1073741824)
2024-03-13 15:39:06,560 [INFO] UtilMem:75 - End SaveConfig() Used Memory: 666912848 Bytes (1073741824)
2024-03-13 15:39:06,709 [INFO] BlockDiagram:2759 - set Specific Code input for plugin: TIM1_8
2024-03-13 15:39:06,709 [INFO] BlockDiagram:2759 - set Specific Code input for plugin: TIM1_8
2024-03-13 15:39:06,709 [INFO] BlockDiagram:2759 - set Specific Code input for plugin: SYS
2024-03-13 15:39:06,709 [INFO] BlockDiagram:2759 - set Specific Code input for plugin: RCC
2024-03-13 15:39:06,709 [INFO] BlockDiagram:2759 - set Specific Code input for plugin: NVIC
2024-03-13 15:39:06,710 [INFO] BlockDiagram:2759 - set Specific Code input for plugin: GPIO
2024-03-13 15:39:06,711 [INFO] CodeGenerator:807 - code generatio: config db path: C:\ST\STM32CubeIDE_1.14.1\STM32CubeIDE\plugins\com.st.stm32cube.common.mx_6.10.0.202311202037\\db\
2024-03-13 15:39:06,828 [INFO] CodeEngine:255 - oldGeneratedFile, C:\Users\Povilas\Documents\STM32CubeIDE\workspace_1.14.1\Lab4_2uzd\MXTmpFiles\license.tmp_save
2024-03-13 15:39:06,951 [INFO] CodeEngine:279 - Generated code: C:\Users\Povilas\Documents\STM32CubeIDE\workspace_1.14.1\Lab4_2uzd\MXTmpFiles\license.tmp
2024-03-13 15:39:06,963 [INFO] CodeEngine:255 - oldGeneratedFile, C:\Users\Povilas\Documents\STM32CubeIDE\workspace_1.14.1\Lab4_2uzd\MXTmpFiles\gpio.tmp_save
2024-03-13 15:39:07,090 [INFO] CodeEngine:279 - Generated code: C:\Users\Povilas\Documents\STM32CubeIDE\workspace_1.14.1\Lab4_2uzd\MXTmpFiles\gpio.tmp
2024-03-13 15:39:07,216 [INFO] CodeEngine:255 - oldGeneratedFile, C:\Users\Povilas\Documents\STM32CubeIDE\workspace_1.14.1\Lab4_2uzd\Core\Src\stm32f4xx_it.c_save
2024-03-13 15:39:07,288 [INFO] CodeEngine:279 - Generated code: C:\Users\Povilas\Documents\STM32CubeIDE\workspace_1.14.1\Lab4_2uzd\Core\Src\stm32f4xx_it.c
2024-03-13 15:39:07,295 [INFO] CodeEngine:255 - oldGeneratedFile, C:\Users\Povilas\Documents\STM32CubeIDE\workspace_1.14.1\Lab4_2uzd\Core\Inc\stm32f4xx_it.h_save
2024-03-13 15:39:07,348 [INFO] CodeEngine:279 - Generated code: C:\Users\Povilas\Documents\STM32CubeIDE\workspace_1.14.1\Lab4_2uzd\Core\Inc\stm32f4xx_it.h
2024-03-13 15:39:07,376 [INFO] CodeEngine:255 - oldGeneratedFile, C:\Users\Povilas\Documents\STM32CubeIDE\workspace_1.14.1\Lab4_2uzd\Core\Src\stm32f4xx_hal_msp.c_save
2024-03-13 15:39:07,457 [INFO] CodeEngine:279 - Generated code: C:\Users\Povilas\Documents\STM32CubeIDE\workspace_1.14.1\Lab4_2uzd\Core\Src\stm32f4xx_hal_msp.c
2024-03-13 15:39:07,462 [INFO] CodeEngine:255 - oldGeneratedFile, C:\Users\Povilas\Documents\STM32CubeIDE\workspace_1.14.1\Lab4_2uzd\MXTmpFiles\system.tmp_save
2024-03-13 15:39:07,510 [INFO] CodeEngine:279 - Generated code: C:\Users\Povilas\Documents\STM32CubeIDE\workspace_1.14.1\Lab4_2uzd\MXTmpFiles\system.tmp
2024-03-13 15:39:07,527 [INFO] CodeEngine:311 - oldGeneratedFile, C:\Users\Povilas\Documents\STM32CubeIDE\workspace_1.14.1\Lab4_2uzd\Core\Inc\stm32f4xx_hal_conf.h_save
2024-03-13 15:39:07,624 [INFO] CodeEngine:335 - Generated code: C:\Users\Povilas\Documents\STM32CubeIDE\workspace_1.14.1\Lab4_2uzd\Core\Inc\stm32f4xx_hal_conf.h
2024-03-13 15:39:07,646 [WARN] IPConfigManager:3440 - IP not found : TIM
2024-03-13 15:39:07,647 [WARN] CodeGenerator:3939 - IP not found : null
2024-03-13 15:39:07,666 [INFO] CodeEngine:255 - oldGeneratedFile, C:\Users\Povilas\Documents\STM32CubeIDE\workspace_1.14.1\Lab4_2uzd\Core\Inc\main.h_save
2024-03-13 15:39:07,785 [INFO] CodeEngine:279 - Generated code: C:\Users\Povilas\Documents\STM32CubeIDE\workspace_1.14.1\Lab4_2uzd\Core\Inc\main.h
2024-03-13 15:39:07,805 [INFO] CodeEngine:255 - oldGeneratedFile, C:\Users\Povilas\Documents\STM32CubeIDE\workspace_1.14.1\Lab4_2uzd\Core\Src\main.c_save
2024-03-13 15:39:07,953 [INFO] CodeEngine:279 - Generated code: C:\Users\Povilas\Documents\STM32CubeIDE\workspace_1.14.1\Lab4_2uzd\Core\Src\main.c
2024-03-13 15:39:08,550 [INFO] ProjectBuilder:3076 - Time for Copy HAL[1] : 159mS.
2024-03-13 15:39:08,552 [INFO] ProjectBuilder:4485 - Project Generator version: 4.2.0-B44
2024-03-13 15:39:08,718 [INFO] ConfigFileManager:1495 - The Die is : DIE413
2024-03-13 15:39:09,804 [INFO] ProjectBuilder:4747 - Time for Generating toolchain IDE Files: 1252mS.
2024-03-13 15:39:09,805 [INFO] ProjectBuilder:2947 - Time for Copy CMSIS : 1mS.
2024-03-13 15:39:09,809 [INFO] ProjectBuilder:2947 - Time for Copy CMSIS : 1mS.
2024-03-13 15:39:50,900 [INFO] NvicIntPanel:101 - NVIC parent = com.st.microxplorer.plugins.ip.nvic.MultiNvicIntPanel[,0,0,0x0,invalid,layout=javax.swing.BoxLayout,alignmentX=0.0,alignmentY=0.0,border=,flags=9,maximumSize=,minimumSize=,preferredSize=]
2024-03-13 15:39:54,293 [INFO] UtilMem:75 - End SaveConfig() Used Memory: 500721352 Bytes (1073741824)
2024-03-13 15:39:55,535 [INFO] UtilMem:75 - End SaveConfig() Used Memory: 549478088 Bytes (1073741824)
2024-03-13 15:39:55,687 [INFO] UtilMem:75 - End SaveConfig() Used Memory: 585656008 Bytes (1073741824)
2024-03-13 15:39:55,831 [INFO] BlockDiagram:2759 - set Specific Code input for plugin: TIM1_8
2024-03-13 15:39:55,831 [INFO] BlockDiagram:2759 - set Specific Code input for plugin: TIM1_8
2024-03-13 15:39:55,831 [INFO] BlockDiagram:2759 - set Specific Code input for plugin: SYS
2024-03-13 15:39:55,831 [INFO] BlockDiagram:2759 - set Specific Code input for plugin: RCC
2024-03-13 15:39:55,831 [INFO] BlockDiagram:2759 - set Specific Code input for plugin: NVIC
2024-03-13 15:39:55,832 [INFO] BlockDiagram:2759 - set Specific Code input for plugin: GPIO
2024-03-13 15:39:55,833 [INFO] CodeGenerator:807 - code generatio: config db path: C:\ST\STM32CubeIDE_1.14.1\STM32CubeIDE\plugins\com.st.stm32cube.common.mx_6.10.0.202311202037\\db\
2024-03-13 15:39:55,949 [INFO] CodeEngine:255 - oldGeneratedFile, C:\Users\Povilas\Documents\STM32CubeIDE\workspace_1.14.1\Lab4_2uzd\MXTmpFiles\license.tmp_save
2024-03-13 15:39:56,062 [INFO] CodeEngine:279 - Generated code: C:\Users\Povilas\Documents\STM32CubeIDE\workspace_1.14.1\Lab4_2uzd\MXTmpFiles\license.tmp
2024-03-13 15:39:56,075 [INFO] CodeEngine:255 - oldGeneratedFile, C:\Users\Povilas\Documents\STM32CubeIDE\workspace_1.14.1\Lab4_2uzd\MXTmpFiles\gpio.tmp_save
2024-03-13 15:39:56,197 [INFO] CodeEngine:279 - Generated code: C:\Users\Povilas\Documents\STM32CubeIDE\workspace_1.14.1\Lab4_2uzd\MXTmpFiles\gpio.tmp
2024-03-13 15:39:56,259 [INFO] CodeEngine:255 - oldGeneratedFile, C:\Users\Povilas\Documents\STM32CubeIDE\workspace_1.14.1\Lab4_2uzd\Core\Src\stm32f4xx_it.c_save
2024-03-13 15:39:56,355 [INFO] CodeEngine:279 - Generated code: C:\Users\Povilas\Documents\STM32CubeIDE\workspace_1.14.1\Lab4_2uzd\Core\Src\stm32f4xx_it.c
2024-03-13 15:39:56,360 [INFO] CodeEngine:255 - oldGeneratedFile, C:\Users\Povilas\Documents\STM32CubeIDE\workspace_1.14.1\Lab4_2uzd\Core\Inc\stm32f4xx_it.h_save
2024-03-13 15:39:56,411 [INFO] CodeEngine:279 - Generated code: C:\Users\Povilas\Documents\STM32CubeIDE\workspace_1.14.1\Lab4_2uzd\Core\Inc\stm32f4xx_it.h
2024-03-13 15:39:56,465 [INFO] CodeEngine:255 - oldGeneratedFile, C:\Users\Povilas\Documents\STM32CubeIDE\workspace_1.14.1\Lab4_2uzd\Core\Src\stm32f4xx_hal_msp.c_save
2024-03-13 15:39:56,577 [INFO] CodeEngine:279 - Generated code: C:\Users\Povilas\Documents\STM32CubeIDE\workspace_1.14.1\Lab4_2uzd\Core\Src\stm32f4xx_hal_msp.c
2024-03-13 15:39:56,581 [INFO] CodeEngine:255 - oldGeneratedFile, C:\Users\Povilas\Documents\STM32CubeIDE\workspace_1.14.1\Lab4_2uzd\MXTmpFiles\system.tmp_save
2024-03-13 15:39:56,630 [INFO] CodeEngine:279 - Generated code: C:\Users\Povilas\Documents\STM32CubeIDE\workspace_1.14.1\Lab4_2uzd\MXTmpFiles\system.tmp
2024-03-13 15:39:56,651 [INFO] CodeEngine:311 - oldGeneratedFile, C:\Users\Povilas\Documents\STM32CubeIDE\workspace_1.14.1\Lab4_2uzd\Core\Inc\stm32f4xx_hal_conf.h_save
2024-03-13 15:39:56,774 [INFO] CodeEngine:335 - Generated code: C:\Users\Povilas\Documents\STM32CubeIDE\workspace_1.14.1\Lab4_2uzd\Core\Inc\stm32f4xx_hal_conf.h
2024-03-13 15:39:56,816 [WARN] IPConfigManager:3440 - IP not found : TIM
2024-03-13 15:39:56,817 [WARN] CodeGenerator:3939 - IP not found : null
2024-03-13 15:39:56,845 [INFO] CodeEngine:255 - oldGeneratedFile, C:\Users\Povilas\Documents\STM32CubeIDE\workspace_1.14.1\Lab4_2uzd\Core\Inc\main.h_save
2024-03-13 15:39:56,959 [INFO] CodeEngine:279 - Generated code: C:\Users\Povilas\Documents\STM32CubeIDE\workspace_1.14.1\Lab4_2uzd\Core\Inc\main.h
2024-03-13 15:39:56,980 [INFO] CodeEngine:255 - oldGeneratedFile, C:\Users\Povilas\Documents\STM32CubeIDE\workspace_1.14.1\Lab4_2uzd\Core\Src\main.c_save
2024-03-13 15:39:57,095 [INFO] CodeEngine:279 - Generated code: C:\Users\Povilas\Documents\STM32CubeIDE\workspace_1.14.1\Lab4_2uzd\Core\Src\main.c
2024-03-13 15:39:57,663 [INFO] ProjectBuilder:3076 - Time for Copy HAL[1] : 155mS.
2024-03-13 15:39:57,666 [INFO] ProjectBuilder:4485 - Project Generator version: 4.2.0-B44
2024-03-13 15:39:57,829 [INFO] ConfigFileManager:1495 - The Die is : DIE413
2024-03-13 15:39:58,905 [INFO] ProjectBuilder:4747 - Time for Generating toolchain IDE Files: 1239mS.
2024-03-13 15:39:58,906 [INFO] ProjectBuilder:2947 - Time for Copy CMSIS : 0mS.
2024-03-13 15:39:58,908 [INFO] ProjectBuilder:2947 - Time for Copy CMSIS : 0mS.
